<?xml version="1.0" encoding="UTF-8"?>
<!-- Generated by org.testng.reporters.JUnitReportReporter -->
<testsuite hostname="Ascent-DeepanshuK" failures="0" tests="1" name="testCases.TC002_LoginTest" time="1.267" errors="0" timestamp="2024-11-11T13:15:44 IST" skipped="0">
  <testcase classname="testCases.TC002_LoginTest" name="verify_login" time="1.267"/>
</testsuite> <!-- testCases.TC002_LoginTest -->
