<?xml version="1.0" encoding="UTF-8"?>
<!-- Generated by org.testng.reporters.JUnitReportReporter -->
<testsuite hostname="Ascent-DeepanshuK" failures="0" tests="6" name="testCases.TC003_LoginDDT" time="57.340" errors="0" timestamp="2024-11-05T15:55:15 IST" skipped="0">
  <testcase classname="testCases.TC003_LoginDDT" name="verify_loginDDT" time="5.532"/>
  <testcase classname="testCases.TC003_LoginDDT" name="verify_loginDDT" time="4.377"/>
  <testcase classname="testCases.TC003_LoginDDT" name="verify_loginDDT" time="5.487"/>
  <testcase classname="testCases.TC003_LoginDDT" name="verify_loginDDT" time="14.087"/>
  <testcase classname="testCases.TC003_LoginDDT" name="verify_loginDDT" time="14.061"/>
  <testcase classname="testCases.TC003_LoginDDT" name="verify_loginDDT" time="13.796"/>
</testsuite> <!-- testCases.TC003_LoginDDT -->
