<?xml version="1.0" encoding="UTF-8"?>
<!-- Generated by org.testng.reporters.JUnitReportReporter -->
<testsuite hostname="Ascent-DeepanshuK" failures="0" tests="1" name="testCases.TC002_LoginTest" time="1.381" errors="0" timestamp="2024-11-08T18:01:31 IST" skipped="0">
  <testcase classname="testCases.TC002_LoginTest" name="verify_login" time="1.381"/>
</testsuite> <!-- testCases.TC002_LoginTest -->
