<?xml version="1.0" encoding="UTF-8"?>
<!-- Generated by org.testng.reporters.JUnitReportReporter -->
<testsuite hostname="Ascent-DeepanshuK" failures="0" tests="1" name="testCases.TC001_AccountRegistrationTest" time="2.837" errors="0" timestamp="2024-11-08T18:01:31 IST" skipped="0">
  <testcase classname="testCases.TC001_AccountRegistrationTest" name="verify_account_registration" time="2.837"/>
</testsuite> <!-- testCases.TC001_AccountRegistrationTest -->
